<?xml version="1.0" encoding="UTF-8"?>
<!-- Generated by org.testng.reporters.JUnitReportReporter -->
<testsuite hostname="LAPTOP-H7LSMR7L" failures="0" tests="1" name="com.softwaretestingboard.magento.Test.CheckOutTest" time="22.525" errors="0" timestamp="2024-03-09T13:01:03 IST" skipped="0">
  <testcase classname="com.softwaretestingboard.magento.Test.CheckOutTest" name="VerifyLoginWhileCheckOutPeod" time="22.525"/>
  <system-out/>
</testsuite> <!-- com.softwaretestingboard.magento.Test.CheckOutTest -->
