<?xml version="1.0" encoding="UTF-8"?>
<!-- Generated by org.testng.reporters.JUnitReportReporter -->
<testsuite hostname="LAPTOP-H7LSMR7L" failures="0" tests="1" name="com.softwaretestingboard.magento.Test.NewTest" time="3.792" errors="0" timestamp="2024-02-27T12:15:44 IST" skipped="0">
  <testcase classname="com.softwaretestingboard.magento.Test.NewTest" name="f" time="3.792"/>
  <system-out/>
</testsuite> <!-- com.softwaretestingboard.magento.Test.NewTest -->
