<?xml version="1.0" encoding="UTF-8"?>
<!-- Generated by org.testng.reporters.JUnitReportReporter -->
<testsuite hostname="LAPTOP-H7LSMR7L" failures="0" tests="4" name="com.softwaretestingboard.magento.Test.SignInTest" time="24.969" errors="0" timestamp="2024-03-03T19:57:02 IST" skipped="0">
  <testcase classname="com.softwaretestingboard.magento.Test.SignInTest" name="CreateNewAccOnSignInPage" time="5.303"/>
  <system-out/>
  <testcase classname="com.softwaretestingboard.magento.Test.SignInTest" name="SignInWithInvalidCred" time="6.922"/>
  <system-out/>
  <testcase classname="com.softwaretestingboard.magento.Test.SignInTest" name="SignInValidCred" time="7.755"/>
  <system-out/>
  <testcase classname="com.softwaretestingboard.magento.Test.SignInTest" name="ForgotpassBtn" time="4.989"/>
  <system-out/>
</testsuite> <!-- com.softwaretestingboard.magento.Test.SignInTest -->
