<?xml version="1.0" encoding="UTF-8"?>
<!-- Generated by org.testng.reporters.JUnitReportReporter -->
<testsuite hostname="LAPTOP-H7LSMR7L" failures="0" tests="4" name="com.softwaretestingboard.magento.Test.HomePageTest" time="16.643" errors="0" timestamp="2024-03-03T19:57:02 IST" skipped="0">
  <testcase classname="com.softwaretestingboard.magento.Test.HomePageTest" name="VerifyBlankSearch" time="3.530"/>
  <system-out/>
  <testcase classname="com.softwaretestingboard.magento.Test.HomePageTest" name="VerifyHotSeller" time="3.226"/>
  <system-out/>
  <testcase classname="com.softwaretestingboard.magento.Test.HomePageTest" name="VerifyRelatedSearchItems" time="4.930"/>
  <system-out/>
  <testcase classname="com.softwaretestingboard.magento.Test.HomePageTest" name="VerifySearchProduct" time="4.957"/>
  <system-out/>
</testsuite> <!-- com.softwaretestingboard.magento.Test.HomePageTest -->
