<?xml version="1.0" encoding="UTF-8"?>
<!-- Generated by org.testng.reporters.JUnitReportReporter -->
<testsuite hostname="LAPTOP-H7LSMR7L" failures="0" tests="4" name="com.softwaretestingboard.magento.Test.Products" time="36.563" errors="0" timestamp="2024-03-03T19:57:02 IST" skipped="0">
  <testcase classname="com.softwaretestingboard.magento.Test.Products" name="VerifyPriceOption" time="6.794"/>
  <system-out/>
  <testcase classname="com.softwaretestingboard.magento.Test.Products" name="AddProductToCartFromWomenDD" time="10.338"/>
  <system-out/>
  <testcase classname="com.softwaretestingboard.magento.Test.Products" name="AddMultipleProdTOCart" time="11.829"/>
  <system-out/>
  <testcase classname="com.softwaretestingboard.magento.Test.Products" name="VerifyShowPerPage" time="7.602"/>
  <system-out/>
</testsuite> <!-- com.softwaretestingboard.magento.Test.Products -->
