<?xml version="1.0" encoding="UTF-8"?>
<!-- Generated by org.testng.reporters.JUnitReportReporter -->
<testsuite hostname="LAPTOP-H7LSMR7L" failures="0" tests="4" name="com.softwaretestingboard.magento.Test.SignInTest" time="25.419" errors="0" timestamp="2024-03-15T17:36:34 IST" skipped="0">
  <testcase classname="com.softwaretestingboard.magento.Test.SignInTest" name="CreateNewAccOnSignInPage" time="6.063"/>
  <system-out/>
  <testcase classname="com.softwaretestingboard.magento.Test.SignInTest" name="ForgotpassBtn" time="4.511"/>
  <system-out/>
  <testcase classname="com.softwaretestingboard.magento.Test.SignInTest" name="SignInWithInvalidCred" time="6.958"/>
  <system-out/>
  <testcase classname="com.softwaretestingboard.magento.Test.SignInTest" name="SignInValidCred" time="7.887"/>
  <system-out/>
</testsuite> <!-- com.softwaretestingboard.magento.Test.SignInTest -->
