<?xml version="1.0" encoding="UTF-8"?>
<!-- Generated by org.testng.reporters.JUnitReportReporter -->
<testsuite hostname="LAPTOP-H7LSMR7L" failures="0" tests="1" name="com.softwaretestingboard.magento.Test.LogOutTest" time="8.657" errors="0" timestamp="2024-03-03T19:57:02 IST" skipped="0">
  <testcase classname="com.softwaretestingboard.magento.Test.LogOutTest" name="LogOut" time="8.657"/>
  <system-out/>
</testsuite> <!-- com.softwaretestingboard.magento.Test.LogOutTest -->
