<?xml version="1.0" encoding="UTF-8"?>
<!-- Generated by org.testng.reporters.JUnitReportReporter -->
<testsuite hostname="LAPTOP-H7LSMR7L" failures="0" tests="1" name="com.softwaretestingboard.magento.Test.LogOutTest" time="9.846" errors="0" timestamp="2024-03-15T17:36:34 IST" skipped="0">
  <testcase classname="com.softwaretestingboard.magento.Test.LogOutTest" name="LogOut" time="9.846"/>
  <system-out/>
</testsuite> <!-- com.softwaretestingboard.magento.Test.LogOutTest -->
