<?xml version="1.0" encoding="UTF-8"?>
<!-- Generated by org.testng.reporters.JUnitReportReporter -->
<testsuite hostname="LAPTOP-H7LSMR7L" failures="0" tests="7" name="com.softwaretestingboard.magento.Test.ProductDetailsTest" time="74.219" errors="0" timestamp="2024-03-15T17:36:34 IST" skipped="0">
  <testcase classname="com.softwaretestingboard.magento.Test.ProductDetailsTest" name="VerifyProductDetails" time="7.305"/>
  <system-out/>
  <testcase classname="com.softwaretestingboard.magento.Test.ProductDetailsTest" name="VerifyAddreviewtoProduct" time="10.173"/>
  <system-out/>
  <testcase classname="com.softwaretestingboard.magento.Test.ProductDetailsTest" name="AddToCartProdFromProdDetailsPage" time="10.800"/>
  <system-out/>
  <testcase classname="com.softwaretestingboard.magento.Test.ProductDetailsTest" name="VerifyRemoveProdFromWishList" time="17.784"/>
  <system-out/>
  <testcase classname="com.softwaretestingboard.magento.Test.ProductDetailsTest" name="VerifyAddToWishlistWithLogin" time="12.757"/>
  <system-out/>
  <testcase classname="com.softwaretestingboard.magento.Test.ProductDetailsTest" name="VerifyAddtoCartProdWithoutSelectingSize" time="7.305"/>
  <system-out/>
  <testcase classname="com.softwaretestingboard.magento.Test.ProductDetailsTest" name="VerifyAddToWishlistWithoutLogin" time="8.095"/>
  <system-out/>
</testsuite> <!-- com.softwaretestingboard.magento.Test.ProductDetailsTest -->
