<?xml version="1.0" encoding="UTF-8"?>
<!-- Generated by org.testng.reporters.JUnitReportReporter -->
<testsuite hostname="LAPTOP-H7LSMR7L" failures="0" tests="4" name="com.softwaretestingboard.magento.Test.Products" time="38.765" errors="0" timestamp="2024-03-15T17:36:34 IST" skipped="0">
  <testcase classname="com.softwaretestingboard.magento.Test.Products" name="AddMultipleProdTOCart" time="13.116"/>
  <system-out/>
  <testcase classname="com.softwaretestingboard.magento.Test.Products" name="VerifyShowPerPage" time="7.714"/>
  <system-out/>
  <testcase classname="com.softwaretestingboard.magento.Test.Products" name="AddProductToCartFromWomenDD" time="10.702"/>
  <system-out/>
  <testcase classname="com.softwaretestingboard.magento.Test.Products" name="VerifyPriceOption" time="7.233"/>
  <system-out/>
</testsuite> <!-- com.softwaretestingboard.magento.Test.Products -->
